0 info it worked if it ends with ok
1 verbose cli [ '/Users/arihito/.nodebrew/node/v7.5.0/bin/node',
1 verbose cli   '/Users/arihito/.nodebrew/current/bin/npm',
1 verbose cli   'run',
1 verbose cli   'watch' ]
2 info using npm@4.1.2
3 info using node@v7.5.0
4 verbose run-script [ 'prewatch', 'watch', 'postwatch' ]
5 info lifecycle eslintTest@1.0.0~prewatch: eslintTest@1.0.0
6 silly lifecycle eslintTest@1.0.0~prewatch: no script for prewatch, continuing
7 info lifecycle eslintTest@1.0.0~watch: eslintTest@1.0.0
8 verbose lifecycle eslintTest@1.0.0~watch: unsafe-perm in lifecycle true
9 verbose lifecycle eslintTest@1.0.0~watch: PATH: /Users/arihito/.nodebrew/node/v7.5.0/lib/node_modules/npm/bin/node-gyp-bin:/Users/arihito/Dropbox/Public/Webpack/eslintTest/node_modules/.bin:/Users/arihito/.nodebrew/node/v7.5.0/lib/node_modules/npm/bin/node-gyp-bin:/Users/arihito/Dropbox/Public/Webpack/eslintTest/node_modules/.bin:/usr/local/terraform/bin:/Users/arihito:/Users/arihito/Dropbox/Public/GoLang/third-party/bin:/Users/arihito/Dropbox/Public/GoLang/my-project/bin:/Users/arihito/.pyenv/shims:/Users/arihito/.pyenv/bin:/usr/local/git/bin:~/.yarn/bin:/Users/arihito/.nodebrew/current/bin:/Applications/MAMP/bin/php/php7.0.0/bin:/usr/local/Cellar/php56/5.6.29_5/bin:/Users/arihito/.rbenv/shims:/usr/local/bin:/usr/bin:/bin:/usr/sbin:/sbin:/Users/arihito/npm/bin/
10 verbose lifecycle eslintTest@1.0.0~watch: CWD: /Users/arihito/Dropbox/Public/Webpack/eslintTest
11 silly lifecycle eslintTest@1.0.0~watch: Args: [ '-c', 'webpack -d --watch' ]
12 silly lifecycle eslintTest@1.0.0~watch: Returned: code: 1  signal: null
13 info lifecycle eslintTest@1.0.0~watch: Failed to exec watch script
14 verbose stack Error: eslintTest@1.0.0 watch: `webpack -d --watch`
14 verbose stack Exit status 1
14 verbose stack     at EventEmitter.<anonymous> (/Users/arihito/.nodebrew/node/v7.5.0/lib/node_modules/npm/lib/utils/lifecycle.js:279:16)
14 verbose stack     at emitTwo (events.js:106:13)
14 verbose stack     at EventEmitter.emit (events.js:192:7)
14 verbose stack     at ChildProcess.<anonymous> (/Users/arihito/.nodebrew/node/v7.5.0/lib/node_modules/npm/lib/utils/spawn.js:40:14)
14 verbose stack     at emitTwo (events.js:106:13)
14 verbose stack     at ChildProcess.emit (events.js:192:7)
14 verbose stack     at maybeClose (internal/child_process.js:890:16)
14 verbose stack     at Process.ChildProcess._handle.onexit (internal/child_process.js:226:5)
15 verbose pkgid eslintTest@1.0.0
16 verbose cwd /Users/arihito/Dropbox/Public/Webpack/eslintTest
17 error Darwin 16.4.0
18 error argv "/Users/arihito/.nodebrew/node/v7.5.0/bin/node" "/Users/arihito/.nodebrew/current/bin/npm" "run" "watch"
19 error node v7.5.0
20 error npm  v4.1.2
21 error code ELIFECYCLE
22 error eslintTest@1.0.0 watch: `webpack -d --watch`
22 error Exit status 1
23 error Failed at the eslintTest@1.0.0 watch script 'webpack -d --watch'.
23 error Make sure you have the latest version of node.js and npm installed.
23 error If you do, this is most likely a problem with the eslintTest package,
23 error not with npm itself.
23 error Tell the author that this fails on your system:
23 error     webpack -d --watch
23 error You can get information on how to open an issue for this project with:
23 error     npm bugs eslintTest
23 error Or if that isn't available, you can get their info via:
23 error     npm owner ls eslintTest
23 error There is likely additional logging output above.
24 verbose exit [ 1, true ]
